
Tue Feb 22 2022 12 42 45 

Tue Feb 22 2022 12 46 1 

Tue Feb 22 2022 12 53 49 

Tue Feb 22 2022 13 1 0 

Tue Feb 22 2022 13 8 2 

Tue Feb 22 2022 13 10 31 

Tue Feb 22 2022 13 12 12 

Tue Feb 22 2022 13 13 58 

Tue Feb 22 2022 19 27 57 

Tue Feb 22 2022 19 35 51 

Tue Feb 22 2022 19 54 10 

Tue Feb 22 2022 20 31 17 

Wed Feb 23 2022 11 28 2 

Wed Feb 23 2022 11 31 42 

Wed Feb 23 2022 11 34 28 

Wed Feb 23 2022 11 43 5 

Wed Feb 23 2022 11 45 59 

Wed Feb 23 2022 12 4 59 

Wed Feb 23 2022 14 52 12 

Wed Feb 23 2022 14 52 39 

Wed Feb 23 2022 16 9 28 

Wed Feb 23 2022 16 25 33 

Wed Feb 23 2022 17 8 58 

Wed Feb 23 2022 17 30 35 

Wed Feb 23 2022 17 33 44 

Wed Feb 23 2022 17 33 58 

Wed Feb 23 2022 18 46 23 

Wed Feb 23 2022 18 56 50 

Wed Feb 23 2022 19 22 46 

Wed Feb 23 2022 19 52 36 

Wed Feb 23 2022 19 58 24 

Wed Feb 23 2022 19 59 26 

Wed Feb 23 2022 20 37 47 

Wed Feb 23 2022 20 40 45 

Wed Feb 23 2022 21 24 39 

Wed Feb 23 2022 21 30 18 

Wed Feb 23 2022 22 3 26 

Wed Feb 23 2022 23 5 42 

Wed Feb 23 2022 23 17 3 

Wed Feb 23 2022 23 59 52 

Thu Feb 24 2022 0 18 37 

Thu Feb 24 2022 0 52 47 

Thu Feb 24 2022 10 44 20 

Thu Feb 24 2022 10 46 46 

Thu Mar 10 2022 1 26 20 

Thu Mar 10 2022 1 32 4 

Thu Mar 10 2022 1 36 53 

Thu Mar 10 2022 13 52 21 

Thu Mar 10 2022 14 0 40 

Thu Mar 10 2022 18 44 31 

Sat Mar 12 2022 15 15 25 

Sat Mar 12 2022 15 43 47 

Sat Mar 12 2022 16 37 59 

Sat Mar 12 2022 17 31 20 

Sat Mar 12 2022 17 31 49 

Sat Mar 12 2022 17 32 24 

Sat Mar 12 2022 17 35 3 

Sun Mar 13 2022 15 9 26 

Mon Mar 14 2022 22 58 38 

Mon Mar 14 2022 23 8 6 

Tue Mar 15 2022 3 49 27 

Tue Mar 15 2022 3 55 37 

Tue Mar 15 2022 4 4 56 

Tue Mar 15 2022 4 27 12 

Tue Mar 15 2022 15 30 42 

Wed Mar 16 2022 16 15 16 

Wed Mar 16 2022 17 10 53 

Wed Mar 16 2022 17 20 2 

Wed Mar 16 2022 17 30 30 

Wed Mar 16 2022 20 36 50 

Wed Mar 16 2022 22 52 18 

Thu Mar 17 2022 17 37 3 

Fri Mar 18 2022 11 58 30 

Fri Mar 18 2022 13 16 7 

Fri Mar 18 2022 13 19 31 

Fri Mar 18 2022 13 22 16 

Sat Mar 19 2022 3 34 0 

Sat Mar 19 2022 3 43 9 

Sat Mar 19 2022 4 19 37 

Sat Mar 19 2022 16 35 40 

Sat Mar 19 2022 16 40 10 

Sat Mar 19 2022 17 2 28 

Sat Mar 19 2022 17 18 43 

Sat Mar 19 2022 18 5 30 

Sat Mar 19 2022 19 44 21 

Sat Mar 19 2022 19 52 39 

Sat Mar 19 2022 20 52 14 

Sat Mar 19 2022 20 58 44 

Sat Mar 19 2022 21 3 2 

Sun Mar 20 2022 0 39 53 

Sun Mar 20 2022 2 14 53 

Fri Mar 25 2022 2 15 5 

Fri Mar 25 2022 2 28 14 

Fri Mar 25 2022 2 43 20 

Fri Mar 25 2022 3 29 23 

Fri Mar 25 2022 3 33 34 

Fri Mar 25 2022 3 57 7 

Fri Mar 25 2022 5 5 11 

Fri Mar 25 2022 5 11 56 

Fri Mar 25 2022 15 2 36 

Fri Mar 25 2022 15 14 58 

Fri Mar 25 2022 16 7 7 

Fri Mar 25 2022 16 30 23 

Fri Mar 25 2022 17 33 48 

Fri Mar 25 2022 18 19 53 

Fri Mar 25 2022 18 29 38 

Fri Mar 25 2022 18 30 46 

Fri Mar 25 2022 18 37 46 

Fri Mar 25 2022 18 49 49 

Fri Mar 25 2022 18 56 52 

Fri Mar 25 2022 19 13 39 

Fri Mar 25 2022 19 18 48 

Fri Mar 25 2022 19 35 36 

Sat Mar 26 2022 20 17 40 

Sat Mar 26 2022 20 29 25 

Sat Mar 26 2022 22 35 23 

Sat Mar 26 2022 22 36 58 

Sat Mar 26 2022 22 38 30 

Sat Mar 26 2022 22 48 7 

Sat Mar 26 2022 22 53 1 

Sat Mar 26 2022 23 3 10 

Sun Mar 27 2022 1 12 8 

Sun Mar 27 2022 3 51 3 

Sun Mar 27 2022 5 17 35 

Sun Mar 27 2022 8 35 54 

Sun Mar 27 2022 8 53 10 

Sun Mar 27 2022 17 11 18 

Sun Mar 27 2022 17 43 33 

Tue Mar 29 2022 0 25 22 

Tue Mar 29 2022 0 27 44 

Tue Mar 29 2022 2 40 32 

Tue Mar 29 2022 2 47 46 

Tue Mar 29 2022 4 24 56 

Tue Mar 29 2022 5 50 1 

Tue Mar 29 2022 18 21 50 

Tue Mar 29 2022 18 29 24 

Tue Mar 29 2022 19 36 36 

Thu Mar 31 2022 11 59 25 

Thu Mar 31 2022 16 40 50 

Thu Mar 31 2022 16 56 8 

Fri Apr 1 2022 20 31 50 

Fri Apr 1 2022 20 42 52 

Fri Apr 1 2022 22 38 8 

Sat Apr 2 2022 9 6 10 

Sat Apr 2 2022 11 8 12 

Mon Apr 4 2022 17 3 3 

Mon Apr 4 2022 18 28 42 

Mon Apr 4 2022 19 6 38 

Mon Apr 4 2022 22 27 30 

Mon Apr 4 2022 23 9 35 

Tue Apr 5 2022 15 57 59 

Tue Apr 5 2022 16 30 31 

Wed Apr 6 2022 12 57 41 

Wed Apr 6 2022 13 16 13 

Wed Apr 6 2022 17 24 5 

Wed Apr 6 2022 17 42 59 

Wed Apr 6 2022 17 43 44 

Wed Apr 6 2022 20 44 8 

Wed Apr 6 2022 20 50 38 

Wed Apr 6 2022 20 59 33 

Thu Apr 7 2022 13 31 26 

Thu Apr 7 2022 15 52 15 

Thu Apr 7 2022 15 53 22 

Thu Apr 7 2022 16 19 35 

Thu Apr 7 2022 17 16 31 

Thu Apr 7 2022 17 39 44 

Thu Apr 7 2022 17 52 23 

Thu Apr 7 2022 18 0 21 

Thu Apr 7 2022 18 5 13 

Thu Apr 7 2022 18 51 13 

Thu Apr 7 2022 18 57 58 

Thu Apr 7 2022 19 11 28 

Thu Apr 7 2022 21 19 50 

Thu Apr 7 2022 22 33 9 

Thu Apr 7 2022 22 49 13 

Sat Apr 9 2022 17 6 36 

Sun Apr 10 2022 15 19 30 

Sun Apr 10 2022 15 50 29 

Sun Apr 10 2022 16 1 7 

Sun Apr 10 2022 16 7 41 

Sun Apr 10 2022 16 8 59 

Sun Apr 10 2022 17 34 34 

Sun Apr 10 2022 18 11 17 

Sun Apr 10 2022 18 57 0 

Sun Apr 10 2022 19 58 33 

Sun Apr 10 2022 20 0 38 

Sun Apr 10 2022 20 2 8 

Sun Apr 10 2022 20 14 53 

Sun Apr 10 2022 21 34 23 

Sun Apr 10 2022 21 50 30 

Sun Apr 10 2022 23 48 40 

Mon Apr 11 2022 17 19 54 

Mon Apr 25 2022 18 24 58 

Mon Apr 25 2022 18 55 55 

Mon Apr 25 2022 19 0 6 

Mon Apr 25 2022 19 2 3 

Mon Apr 25 2022 19 23 17 

Mon Apr 25 2022 19 54 51 

Mon Apr 25 2022 20 41 32 

Mon Apr 25 2022 22 14 14 

Mon Apr 25 2022 22 16 44 

Mon Apr 25 2022 23 51 47 

Tue Apr 26 2022 13 55 30 

Tue Apr 26 2022 15 33 49 

Tue Apr 26 2022 17 52 19 

Tue Apr 26 2022 19 38 44 

Tue Apr 26 2022 21 11 12 

Fri Apr 29 2022 18 32 18 

Fri Apr 29 2022 18 41 20 

Fri Apr 29 2022 18 57 52 

Fri Apr 29 2022 19 25 56 

Fri Apr 29 2022 20 25 13 

Fri Apr 29 2022 20 41 36 

Fri Apr 29 2022 20 44 38 

Sat Apr 30 2022 12 2 16 

Sat Apr 30 2022 12 37 22 

Sat Apr 30 2022 13 33 9 

Sat Apr 30 2022 13 37 25 

Sat Apr 30 2022 13 49 51 

Sat Apr 30 2022 19 28 45 

Sun May 1 2022 13 43 1 

Sun May 1 2022 13 51 41 

Sun May 1 2022 14 4 26 

Sun May 1 2022 18 10 34 

Mon May 2 2022 13 19 38 

Mon May 2 2022 19 19 36 

Mon May 2 2022 19 28 29 

Mon May 2 2022 20 5 24 

Tue May 3 2022 11 42 27 

Tue May 3 2022 12 23 31 

Tue May 3 2022 14 2 15 

Tue May 3 2022 14 16 32 

Tue May 3 2022 14 45 13 

Tue May 3 2022 15 5 0 

Tue May 3 2022 15 19 50 

Tue May 3 2022 16 36 30 

Tue May 3 2022 17 38 9 

Tue May 3 2022 18 0 12 

Tue May 3 2022 18 10 13 

Tue May 3 2022 18 20 54 

Tue May 3 2022 18 59 0 

Tue May 3 2022 19 48 56 

Wed May 4 2022 20 40 44 

Wed May 4 2022 21 13 37 

Thu May 5 2022 0 52 59 

Thu May 5 2022 2 45 51 

Thu May 5 2022 12 55 42 

Thu May 5 2022 16 34 12 

Thu May 5 2022 17 8 0 

Thu May 5 2022 22 10 51 

Fri May 6 2022 17 23 15 

Fri May 6 2022 17 33 50 

Sat May 7 2022 0 38 10 

Sat May 7 2022 22 0 46 

Mon May 9 2022 10 3 37 

Mon May 9 2022 10 48 57 

Mon May 9 2022 13 4 45 

Mon May 9 2022 14 17 27 

Mon May 9 2022 14 33 56 

Tue May 31 2022 17 34 29 

Tue May 31 2022 20 3 20 

Tue May 31 2022 20 16 16 

Sat Jun 4 2022 18 3 45 

Sat Jun 4 2022 18 14 8 

Sat Jun 4 2022 18 20 56 

Sat Jun 4 2022 18 24 24 

Sat Jun 4 2022 18 29 4 

Sat Jun 4 2022 23 20 52 

Sat Jun 4 2022 23 29 36 

Sun Jun 5 2022 17 52 52 

Sun Jun 5 2022 18 21 54 

Sun Jun 5 2022 18 44 20 

Mon Jun 6 2022 16 52 9 

Mon Jun 6 2022 17 43 0 

Mon Jun 6 2022 19 13 58 

Mon Jun 6 2022 21 48 32 

Mon Jun 6 2022 21 58 7 

Mon Jun 6 2022 22 4 48 

Mon Jun 6 2022 22 9 13 

Mon Jun 6 2022 22 10 55 

Mon Jun 6 2022 22 11 57 

Mon Jun 6 2022 22 33 42 

Mon Jun 6 2022 22 39 35 

Mon Jun 6 2022 23 15 53 

Mon Jun 6 2022 23 29 46 

Tue Jun 7 2022 17 3 19 

Tue Jun 7 2022 18 18 49 

Tue Jun 7 2022 21 53 41 

Tue Jun 7 2022 22 0 4 

Tue Jun 7 2022 23 59 21 

Wed Jun 8 2022 0 26 6 

Wed Jun 8 2022 0 53 18 

Wed Jun 8 2022 0 59 31 

Wed Jun 8 2022 1 5 29 

Wed Jun 8 2022 19 59 27 

Wed Jun 8 2022 23 10 41 

Fri Jun 10 2022 17 40 59 

Fri Jun 10 2022 17 57 14 

Sat Jun 11 2022 1 53 58 

Sat Jun 11 2022 2 12 7 

Sat Jun 11 2022 2 27 40 

Sat Jun 11 2022 15 39 50 

Sat Jun 11 2022 15 50 22 

Sat Jun 11 2022 17 1 1 

Sat Jun 11 2022 17 10 43 

Sat Jun 11 2022 17 12 2 

Sat Jun 11 2022 17 21 2 

Sat Jun 11 2022 17 34 12 

Sat Jun 11 2022 17 40 9 

Sat Jun 11 2022 17 59 41 

Sat Jun 11 2022 20 44 35 

Sat Jun 11 2022 20 54 48 

Sat Jun 11 2022 21 49 5 

Sat Jun 11 2022 22 2 4 

Sun Jun 12 2022 15 38 24 

Sun Jun 12 2022 17 9 0 

Mon Jun 13 2022 1 43 21 

Mon Jun 13 2022 2 14 28 

Mon Jun 13 2022 2 16 29 

Mon Jun 13 2022 2 20 44 

Mon Jun 13 2022 2 30 44 

Mon Jun 13 2022 3 8 42 

Mon Jun 13 2022 3 15 42 

Mon Jun 13 2022 18 6 34 

Mon Jun 13 2022 18 14 53 

Mon Jun 13 2022 18 21 29 

Mon Jun 13 2022 18 33 22 

Mon Jun 13 2022 18 44 14 

Mon Jun 13 2022 20 55 56 

Mon Jun 13 2022 21 9 49 

Mon Jun 13 2022 21 27 12 

Mon Jun 13 2022 21 57 37 

Mon Jun 13 2022 22 19 28 

Mon Jun 13 2022 22 22 50 

Mon Jun 13 2022 22 49 0 

Mon Jun 13 2022 22 56 12 

Mon Jun 13 2022 23 9 56 

Mon Jun 13 2022 23 16 53 

Mon Jun 13 2022 23 38 18 

Tue Jun 14 2022 0 19 36 

Thu Jun 23 2022 22 23 50 

Tue Jun 28 2022 15 28 37 

Tue Jun 28 2022 15 34 58 

Tue Jun 28 2022 16 32 35 

Tue Jun 28 2022 17 28 20 

Tue Jun 28 2022 17 34 12 

Tue Jun 28 2022 19 32 44 

Tue Jun 28 2022 21 17 4 

Tue Jun 28 2022 22 23 43 

Tue Jun 28 2022 22 25 9 

Tue Jun 28 2022 22 30 45 

Tue Jun 28 2022 23 4 55 

Tue Jun 28 2022 23 14 12 

Tue Jun 28 2022 23 17 55 

Wed Jun 29 2022 0 12 44 

Wed Jun 29 2022 0 36 31 

Wed Jun 29 2022 1 18 27 

Wed Jun 29 2022 1 21 37 

Wed Jun 29 2022 1 25 18 

Wed Jun 29 2022 14 8 30 

Wed Jun 29 2022 15 12 31 

Wed Jun 29 2022 15 25 41 

Thu Jun 30 2022 16 12 7 

Thu Jun 30 2022 18 22 32 

Thu Jun 30 2022 19 8 16 

Thu Jun 30 2022 19 19 2 

Thu Jun 30 2022 19 25 14 

Fri Jul 1 2022 0 27 14 

Fri Jul 1 2022 0 42 31 

Fri Jul 1 2022 9 39 26 

Fri Jul 1 2022 10 7 57 

Fri Jul 1 2022 11 35 3 

Fri Jul 1 2022 12 39 25 

Fri Jul 1 2022 12 50 53 

Fri Jul 1 2022 13 45 24 

Sun Jul 3 2022 19 16 26 

Sun Jul 3 2022 19 28 55 

Sun Jul 3 2022 22 26 6 

Sun Jul 3 2022 23 26 29 

Mon Jul 4 2022 0 42 51 

Mon Jul 4 2022 1 0 51 

Mon Jul 4 2022 15 26 33 

Mon Jul 4 2022 16 51 27 

Mon Jul 4 2022 17 5 48 

Mon Jul 4 2022 17 11 12 

Mon Jul 4 2022 17 18 47 

Mon Jul 4 2022 17 44 39 

Mon Jul 4 2022 18 23 32 

Mon Jul 4 2022 18 31 42 

Mon Jul 4 2022 18 36 42 

Mon Jul 4 2022 19 59 16 

Mon Jul 4 2022 20 15 31 

Mon Jul 4 2022 20 58 26 

Mon Jul 4 2022 21 4 1 

Tue Jul 5 2022 0 52 39 

Tue Jul 5 2022 0 57 28 

Tue Jul 5 2022 1 11 24 

Tue Jul 5 2022 1 23 25 

Tue Jul 5 2022 1 43 48 

Tue Jul 5 2022 3 25 50 

Tue Jul 5 2022 15 29 49 

Tue Jul 5 2022 16 53 29 

Tue Jul 5 2022 17 7 32 

Tue Jul 5 2022 17 25 31 

Tue Jul 5 2022 17 41 45 

Tue Jul 5 2022 21 34 37 

Tue Jul 5 2022 21 37 46 

Tue Jul 5 2022 21 43 24 

Tue Jul 5 2022 21 47 25 

Tue Jul 5 2022 22 10 42 

Tue Jul 5 2022 22 12 2 

Tue Jul 5 2022 22 13 57 

Thu Jul 21 2022 13 5 20 

Thu Jul 21 2022 13 10 33 

Thu Jul 21 2022 13 34 19 

Thu Jul 21 2022 14 12 4 

Thu Jul 21 2022 14 55 12 

Thu Jul 21 2022 14 57 0 

Thu Jul 21 2022 20 39 42 

Thu Jul 21 2022 20 41 34 

Thu Jul 21 2022 20 42 59 

Thu Jul 21 2022 23 4 19 

Thu Jul 21 2022 23 5 17 

Thu Jul 21 2022 23 11 4 

Thu Jul 21 2022 23 42 29 

Thu Jul 21 2022 23 44 5 

Fri Jul 22 2022 0 20 1 

Fri Jul 22 2022 0 21 25 

Fri Jul 22 2022 0 22 35 

Fri Jul 22 2022 13 8 33 

Fri Jul 22 2022 13 41 41 

Fri Jul 22 2022 15 8 26 

Fri Jul 22 2022 17 58 13 

Fri Jul 22 2022 18 19 39 

Fri Jul 22 2022 18 46 42 

Fri Jul 22 2022 18 52 21 

Fri Jul 22 2022 19 24 0 

Fri Jul 22 2022 19 30 43 

Fri Jul 22 2022 19 53 15 

Fri Jul 22 2022 20 3 9 

Fri Jul 22 2022 21 19 27 

Fri Jul 22 2022 21 29 8 

Fri Jul 22 2022 21 33 21 

Fri Jul 22 2022 21 36 32 

Fri Jul 22 2022 21 50 21 

Fri Jul 22 2022 21 54 7 

Fri Jul 22 2022 21 59 27 

Fri Jul 22 2022 22 39 1 

Sat Jul 23 2022 22 16 55 

Sat Jul 23 2022 22 25 11 

Sat Jul 23 2022 22 27 38 

Sat Jul 23 2022 22 39 57 

Sat Jul 23 2022 23 0 56 

Sat Jul 23 2022 23 1 37 

Sat Jul 23 2022 23 21 54 

Sat Jul 23 2022 23 32 57 
